* using log directory ‘/Users/smonti/Research/CBMgithub/scripts/R/CBMRtools.Rcheck’
* using R version 3.1.0 (2014-04-10)
* using platform: x86_64-apple-darwin10.8.0 (64-bit)
* using session charset: UTF-8
* using option ‘--no-build-vignettes’
* checking for file ‘CBMRtools/DESCRIPTION’ ... OK
* this is package ‘CBMRtools’ version ‘0.1’
* checking package namespace information ... OK
* checking package dependencies ... NOTE
Depends: includes the non-default packages:
  ‘ggplot2’ ‘ggdendro’ ‘cba’ ‘grid’ ‘proxy’ ‘Biobase’ ‘reshape2’
  ‘gridExtra’ ‘gtable’ ‘RColorBrewer’ ‘scales’
Adding so many packages to the search path is excessive and importing
selectively is preferable.
* checking if this is a source package ... OK
* checking if there is a namespace ... OK
* checking for executable files ... OK
* checking for hidden files and directories ... OK
* checking for portable file names ... OK
* checking for sufficient/correct file permissions ... OK
* checking whether package ‘CBMRtools’ can be installed ... WARNING
Found the following significant warnings:
  Warning: package ‘ggdendro’ was built under R version 3.1.1
  Warning: package ‘proxy’ was built under R version 3.1.1
  Warning: package ‘ggdendro’ was built under R version 3.1.1
  Warning: package ‘proxy’ was built under R version 3.1.1
See ‘/Users/smonti/Research/CBMgithub/scripts/R/CBMRtools.Rcheck/00install.out’ for details.
* checking installed package size ... NOTE
  installed size is  8.4Mb
  sub-directories of 1Mb or more:
    data   8.4Mb
* checking package directory ... OK
* checking DESCRIPTION meta-information ... WARNING
Non-standard license specification:
  Boston University
Standardizable: FALSE
Authors@R field gives persons with no valid roles:
  "Li
* checking top-level files ... OK
* checking for left-over files ... OK
* checking index information ... OK
* checking package subdirectories ... OK
* checking R files for non-ASCII characters ... OK
* checking R files for syntax errors ... OK
* checking whether the package can be loaded ... OK
* checking whether the package can be loaded with stated dependencies ... OK
* checking whether the package can be unloaded cleanly ... OK
* checking whether the namespace can be loaded with stated dependencies ... OK
* checking whether the namespace can be unloaded cleanly ... OK
* checking loading without being on the library search path ... OK
* checking dependencies in R code ... NOTE
Packages in Depends field not imported from:
  ‘cba’ ‘proxy’
  These packages need to be imported from (in the NAMESPACE file)
  for when this namespace is loaded but not attached.
See the information on DESCRIPTION files in the chapter ‘Creating R
packages’ of the ‘Writing R Extensions’ manual.
* checking S3 generic/method consistency ... OK
* checking replacement functions ... OK
* checking foreign function calls ... OK
* checking R code for possible problems ... NOTE
heatmap.ggplot2: no visible binding for global variable ‘y’
heatmap.ggplot2: no visible binding for global variable ‘xend’
heatmap.ggplot2: no visible binding for global variable ‘yend’
heatmap.ggplot2: no visible binding for global variable ‘gene’
heatmap.ggplot2: no visible binding for global variable ‘num’
heatmap.ggplot2: no visible binding for global variable ‘type’
heatmap.ggplot2: no visible binding for global variable ‘id’
variation.filter: no visible global function definition for ‘VERBOSE’
* checking Rd files ... OK
* checking Rd metadata ... OK
* checking Rd line widths ... OK
* checking Rd cross-references ... OK
* checking for missing documentation entries ... OK
* checking for code/documentation mismatches ... OK
* checking Rd \usage sections ... WARNING
Undocumented arguments in documentation object 'variation.filter'
  ‘min.score’ ‘min.log’ ‘rnd’ ‘pch’ ‘lgnd.coord’ ‘do.log’ ‘qnt.lev’
  ‘min.qnt’ ‘no.affx’ ‘verbose’

Functions with \usage entries need to have the appropriate \alias
entries, and all their arguments documented.
The \usage entries must correspond to syntactically valid R code.
See the chapter ‘Writing R documentation files’ in the ‘Writing R
Extensions’ manual.
* checking Rd contents ... OK
* checking for unstated dependencies in examples ... OK
* checking contents of ‘data’ directory ... OK
* checking data for non-ASCII characters ... OK
* checking data for ASCII and uncompressed saves ... WARNING
  
  Note: significantly better compression could be obtained
        by using R CMD build --resave-data
            old_size new_size compress
  eSet1.rda    2.2Mb    1.7Mb       xz
  eSet2.rda    3.9Mb    2.8Mb       xz
  eSet3.rda    2.3Mb    1.4Mb       xz
* checking examples ... ERROR
Running examples in ‘CBMRtools-Ex.R’ failed
The error most likely occurred in:

> base::assign(".ptime", proc.time(), pos = "CheckExEnv")
> ### Name: variation.filter
> ### Title: variation.filter
> ### Aliases: variation.filter
> 
> ### ** Examples
> 
> # select the top 100 genes by median absolute deviation (mad) and also generate plot
> 
> #Use example data #2, for data set information: ?eSet2
> data(eSet2)
> 
> png('mydata.filtered.png')
> variation.filter(eset2,score='mad',ngenes=100,do.plot=TRUE)
Error in nrow(dat) : object 'eset2' not found
Calls: variation.filter -> nrow
Execution halted
